[Master] Sat Dec  1 16:24:19 2018 : "Master listening on 127.0.0.1:4000"
[Master] Sat Dec  1 16:24:22 2018 : "New client with socket id 4 connected
"
[Master] Sat Dec  1 16:24:22 2018 : "request_handler:76 : Handling request: 1"
[Master] Sat Dec  1 16:24:36 2018 : "New client with socket id 5 connected
"
[Master] Sat Dec  1 16:24:36 2018 : "request_handler:76 : Handling request: 1"
[Master] Sat Dec  1 16:24:44 2018 : "Connection lost!!
"
[Master] Sat Dec  1 16:25:13 2018 : "Connection lost!!
"
[Master] Sat Dec  1 16:25:23 2018 : "Master listening on 127.0.0.1:4000"
[Master] Sat Dec  1 16:25:27 2018 : "New client with socket id 4 connected
"
[Master] Sat Dec  1 16:25:27 2018 : "request_handler:76 : Handling request: 1"
[Master] Sat Dec  1 16:25:30 2018 : "New client with socket id 5 connected
"
[Master] Sat Dec  1 16:25:30 2018 : "request_handler:76 : Handling request: 1"
[Master] Sat Dec  1 16:25:33 2018 : "Connection lost!!
"
[Master] Sat Dec  1 16:25:38 2018 : "Connection lost!!
"
[Master] Sat Dec  1 16:25:58 2018 : "Master listening on 127.0.0.1:4000"
[Master] Sat Dec  1 16:26:06 2018 : "New client with socket id 4 connected
"
[Master] Sat Dec  1 16:26:06 2018 : "request_handler:76 : Handling request: 1"
[Master] Sat Dec  1 16:26:08 2018 : "New client with socket id 5 connected
"
[Master] Sat Dec  1 16:26:08 2018 : "request_handler:76 : Handling request: 1"
[Master] Sat Dec  1 16:26:31 2018 : "New client with socket id 6 connected
"
[Master] Sat Dec  1 16:26:31 2018 : "request_handler:76 : Handling request: 0$0$/home/tarunm/Documents/Projects/MapReduce_Project/input_files/i_file2.txt"
[Master] Sat Dec  1 16:26:31 2018 : "client_request_handler (206): Inititate WC - mapper socket: 4"
[Master] Sat Dec  1 16:26:31 2018 : "client_request_handler (206): Inititate WC - mapper socket: 5"
[Master] Sat Dec  1 16:26:35 2018 : "Connection lost!!
"
[Master] Sat Dec  1 16:26:42 2018 : "Connection lost!!
"
[Master] Sat Dec  1 16:27:22 2018 : "New client with socket id 4 connected
"
[Master] Sat Dec  1 16:27:22 2018 : "request_handler:76 : Handling request: 1"
[Master] Sat Dec  1 16:27:36 2018 : "New client with socket id 5 connected
"
[Master] Sat Dec  1 16:27:36 2018 : "request_handler:76 : Handling request: 2"
[Master] Sat Dec  1 16:27:40 2018 : "Connection lost!!
"
[Master] Sat Dec  1 16:27:40 2018 : "New client with socket id 6 connected
"
[Master] Sat Dec  1 16:27:40 2018 : "request_handler:76 : Handling request: 0$0$/home/tarunm/Documents/Projects/MapReduce_Project/input_files/i_file2.txt"
[Master] Sat Dec  1 16:27:40 2018 : "client_request_handler (206): Inititate WC - mapper socket: 4"
[Master] Sat Dec  1 16:27:50 2018 : "Handling response: 3$2$0$output_files/2_reducer1.txt
"
[Master] Sat Dec  1 16:27:50 2018 : "Handling response: 5$2$0$output_files/wc_reducer_2.txt
"
[Master] Sat Dec  1 16:27:50 2018 : "Connection lost!!
"
[Master] Sat Dec  1 16:28:09 2018 : "Connection lost!!
"
[Master] Sat Dec  1 16:28:30 2018 : "Master listening on 127.0.0.1:4000"
[Master] Sat Dec  1 16:28:56 2018 : "New client with socket id 4 connected
"
[Master] Sat Dec  1 16:28:56 2018 : "request_handler:76 : Handling request: 1"
[Master] Sat Dec  1 16:29:04 2018 : "New client with socket id 5 connected
"
[Master] Sat Dec  1 16:29:04 2018 : "request_handler:76 : Handling request: 0$0$/home/tarunm/Documents/Projects/MapReduce_Project/input_files/i_file2.txt"
[Master] Sat Dec  1 16:29:04 2018 : "client_request_handler (206): Inititate WC - mapper socket: 4"
[Master] Sat Dec  1 16:29:07 2018 : "Connection lost!!
"
[Master] Sat Dec  1 16:29:24 2018 : "Connection lost!!
"
[Master] Sat Dec  1 16:29:34 2018 : "Master listening on 127.0.0.1:4000"
[Master] Sat Dec  1 16:29:37 2018 : "New client with socket id 4 connected
"
[Master] Sat Dec  1 16:29:37 2018 : "request_handler:76 : Handling request: 1"
[Master] Sat Dec  1 16:29:45 2018 : "New client with socket id 5 connected
"
[Master] Sat Dec  1 16:29:45 2018 : "request_handler:76 : Handling request: 1"
[Master] Sat Dec  1 16:29:47 2018 : "New client with socket id 6 connected
"
[Master] Sat Dec  1 16:29:47 2018 : "request_handler:76 : Handling request: 0$0$/home/tarunm/Documents/Projects/MapReduce_Project/input_files/i_file2.txt"
[Master] Sat Dec  1 16:29:47 2018 : "client_request_handler (206): Inititate WC - mapper socket: 4"
[Master] Sat Dec  1 16:29:47 2018 : "client_request_handler (206): Inititate WC - mapper socket: 5"
[Master] Sat Dec  1 16:29:49 2018 : "Connection lost!!
"
[Master] Sat Dec  1 16:30:32 2018 : "Connection lost!!
"
[Master] Sat Dec  1 16:30:37 2018 : "Master listening on 127.0.0.1:4000"
[Master] Sat Dec  1 16:31:10 2018 : "New client with socket id 4 connected
"
[Master] Sat Dec  1 16:31:10 2018 : "request_handler:76 : Handling request: 1"
[Master] Sat Dec  1 16:31:17 2018 : "New client with socket id 5 connected
"
[Master] Sat Dec  1 16:31:17 2018 : "request_handler:76 : Handling request: 1"
[Master] Sat Dec  1 16:32:02 2018 : "New client with socket id 6 connected
"
[Master] Sat Dec  1 16:32:02 2018 : "request_handler:76 : Handling request: 2"
[Master] Sat Dec  1 16:32:15 2018 : "New client with socket id 7 connected
"
[Master] Sat Dec  1 16:32:15 2018 : "request_handler:76 : Handling request: 0$0$/home/tarunm/Documents/Projects/MapReduce_Project/input_files/i_file2.txt"
[Master] Sat Dec  1 16:32:15 2018 : "client_request_handler (206): Inititate WC - mapper socket: 4"
[Master] Sat Dec  1 16:32:15 2018 : "client_request_handler (206): Inititate WC - mapper socket: 5"
[Master] Sat Dec  1 16:32:22 2018 : "Connection lost!!
"
[Master] Sat Dec  1 16:32:25 2018 : "Handling response: 3$1$0$output_files/1_reducer1.txt
"
[Master] Sat Dec  1 16:32:32 2018 : "Handling response: 3$1$1$output_files/1_reducer1.txt
"
[Master] Sat Dec  1 16:32:32 2018 : "Handling response: 5$1$0$output_files/wc_reducer_1.txt
"
[Master] Sat Dec  1 16:32:32 2018 : "Connection lost!!
"
